<?xml version="1.0" encoding="UTF-8"?>
<!-- Generated by org.testng.reporters.JUnitXMLReporter -->
<testsuite ignored="0" hostname="LAPTOP-ICV7EKRH" failures="1" tests="1" name="Default test" time="5.903" errors="0" timestamp="2024-09-09T15:32:18 IST">
  <testcase classname="io.cucumber.testng.AbstractTestNGCucumberTests" name="runScenario" time="5.541">
    <failure type="java.lang.AssertionError" message="valid login expected [https://www.facebook.com] but found [https://www.facebook.com/login/?privacy_mutation_token=eyJ0eXBlIjowLCJjcmVhdGlvbl90aW1lIjoxNzI1ODc2MTM2LCJjYWxsc2l0ZV9pZCI6MzgxMjI5MDc5NTc1OTQ2fQ%3D%3D&amp;amp;next]">
      <![CDATA[java.lang.AssertionError: valid login expected [https://www.facebook.com] but found [https://www.facebook.com/login/?privacy_mutation_token=eyJ0eXBlIjowLCJjcmVhdGlvbl90aW1lIjoxNzI1ODc2MTM2LCJjYWxsc2l0ZV9pZCI6MzgxMjI5MDc5NTc1OTQ2fQ%3D%3D&next]
at org.testng.Assert.fail(Assert.java:111)
at org.testng.Assert.failNotEquals(Assert.java:1578)
at org.testng.Assert.assertEqualsImpl(Assert.java:150)
at org.testng.Assert.assertEquals(Assert.java:132)
at org.testng.Assert.assertEquals(Assert.java:656)
at step_definition.Loginsteps.user_is_navigated_to_the_home_page(Loginsteps.java:45)
at âœ½.user is navigated to the home page(file:///C:/Users/cjjes/eclipse-workspace/cucumber/src/test/resources/features/login.feature:8)
]]>
    </failure>
  </testcase> <!-- runScenario -->
</testsuite> <!-- Default test -->
